build/app/intermediates/manifest_merge_blame_file/debug/manifest-merger-blame-debug-report.txt
1<?xml version="1.0" encoding="utf-8"?>
2<manifest xmlns:android="http://schemas.android.com/apk/res/android"
3    package="com.mek"
4    android:versionCode="1"
5    android:versionName="1.1.0" >
6
7    <uses-sdk
8        android:minSdkVersion="16"
9        android:targetSdkVersion="30" />
10    <!--
11         Flutter needs it to communicate with the running application
12         to allow setting breakpoints, to provide hot reload, etc.
13    -->
14    <uses-permission android:name="android.permission.INTERNET" />
14-->src/main/AndroidManifest.xml:4:5-66
14-->src/main/AndroidManifest.xml:4:22-64
15    <uses-permission android:name="android.permission.VIBRATE" />
15-->src/main/AndroidManifest.xml:5:5-66
15-->src/main/AndroidManifest.xml:5:22-63
16    <uses-permission android:name="android.permission.RECEIVE_BOOT_COMPLETED" />
16-->src/main/AndroidManifest.xml:6:5-80
16-->src/main/AndroidManifest.xml:6:22-78
17    <uses-permission android:name="android.permission.ACCESS_NETWORK_STATE" />
17-->[:connectivity] AndroidManifest.xml:7:5-79
17-->[:connectivity] AndroidManifest.xml:7:22-76
18    <uses-permission android:name="android.permission.ACCESS_WIFI_STATE" />
18-->[:connectivity] AndroidManifest.xml:8:5-76
18-->[:connectivity] AndroidManifest.xml:8:22-73
19    <uses-permission android:name="android.permission.USE_FULL_SCREEN_INTENT" />
19-->[:flutter_local_notifications] AndroidManifest.xml:9:5-81
19-->[:flutter_local_notifications] AndroidManifest.xml:9:22-78
20    <!--
21 io.flutter.app.FlutterApplication is an android.app.Application that
22         calls FlutterMain.startInitialization(this); in its onCreate method.
23         In most cases you can leave this as-is, but you if you want to provide
24         additional functionality it is fine to subclass or reimplement
25         FlutterApplication and put your custom class here.
26    -->
27    <application
27-->src/main/AndroidManifest.xml:13:5-85:19
28        android:name="io.flutter.app.FlutterApplication"
28-->src/main/AndroidManifest.xml:14:9-57
29        android:allowBackup="false"
29-->src/main/AndroidManifest.xml:16:9-36
30        android:appComponentFactory="androidx.core.app.CoreComponentFactory"
30-->[androidx.core:core:1.3.0] AndroidManifest.xml:24:18-86
31        android:debuggable="true"
32        android:icon="@mipmap/launcher_icon"
32-->src/main/AndroidManifest.xml:17:9-45
33        android:label="MEK" >
33-->src/main/AndroidManifest.xml:15:9-28
34        <activity
34-->src/main/AndroidManifest.xml:18:9-46:20
35            android:name="com.mek.MainActivity"
35-->src/main/AndroidManifest.xml:19:13-48
36            android:configChanges="orientation|keyboardHidden|keyboard|screenSize|smallestScreenSize|locale|layoutDirection|fontScale|screenLayout|density|uiMode"
36-->src/main/AndroidManifest.xml:22:13-163
37            android:hardwareAccelerated="true"
37-->src/main/AndroidManifest.xml:23:13-47
38            android:launchMode="singleTop"
38-->src/main/AndroidManifest.xml:20:13-43
39            android:theme="@style/LaunchTheme"
39-->src/main/AndroidManifest.xml:21:13-47
40            android:windowSoftInputMode="adjustResize" >
40-->src/main/AndroidManifest.xml:24:13-55
41
42            <!--
43                 Specifies an Android theme to apply to this Activity as soon as
44                 the Android process has started. This theme is visible to the user
45                 while the Flutter UI initializes. After that, this theme continues
46                 to determine the Window background behind the Flutter UI.
47            -->
48            <meta-data
48-->src/main/AndroidManifest.xml:29:13-32:19
49                android:name="io.flutter.embedding.android.NormalTheme"
49-->src/main/AndroidManifest.xml:30:17-72
50                android:resource="@style/NormalTheme" />
50-->src/main/AndroidManifest.xml:31:17-54
51            <!--
52                 Displays an Android View that continues showing the launch screen
53                 Drawable until Flutter paints its first frame, then this splash
54                 screen fades out. A splash screen is useful to avoid any visual
55                 gap between the end of Android's launch screen and the painting of
56                 Flutter's first frame.
57            -->
58            <meta-data
58-->src/main/AndroidManifest.xml:38:13-41:19
59                android:name="io.flutter.embedding.android.SplashScreenDrawable"
59-->src/main/AndroidManifest.xml:39:17-81
60                android:resource="@drawable/launch_background" />
60-->src/main/AndroidManifest.xml:40:17-63
61
62            <intent-filter>
62-->src/main/AndroidManifest.xml:42:13-45:29
63                <action android:name="android.intent.action.MAIN" />
63-->src/main/AndroidManifest.xml:43:17-68
63-->src/main/AndroidManifest.xml:43:25-66
64
65                <category android:name="android.intent.category.LAUNCHER" />
65-->src/main/AndroidManifest.xml:44:17-76
65-->src/main/AndroidManifest.xml:44:27-74
66            </intent-filter>
67        </activity>
68
69        <meta-data
69-->src/main/AndroidManifest.xml:48:9-49:54
70            android:name="com.facebook.sdk.ApplicationId"
70-->src/main/AndroidManifest.xml:48:20-65
71            android:value="@string/facebook_app_id" />
71-->src/main/AndroidManifest.xml:49:13-52
72
73        <activity
73-->src/main/AndroidManifest.xml:51:9-54:48
74            android:name="com.facebook.FacebookActivity"
74-->src/main/AndroidManifest.xml:51:19-63
75            android:configChanges="keyboard|keyboardHidden|screenLayout|screenSize|orientation"
75-->src/main/AndroidManifest.xml:52:13-113
76            android:label="@string/app_name" />
76-->src/main/AndroidManifest.xml:54:13-45
77        <activity
77-->src/main/AndroidManifest.xml:56:9-65:20
78            android:name="com.facebook.CustomTabActivity"
78-->src/main/AndroidManifest.xml:57:13-58
79            android:exported="true" >
79-->src/main/AndroidManifest.xml:58:13-36
80            <intent-filter>
80-->src/main/AndroidManifest.xml:59:13-64:29
81                <action android:name="android.intent.action.VIEW" />
81-->src/main/AndroidManifest.xml:60:17-69
81-->src/main/AndroidManifest.xml:60:25-66
82
83                <category android:name="android.intent.category.DEFAULT" />
83-->src/main/AndroidManifest.xml:61:17-76
83-->src/main/AndroidManifest.xml:61:27-73
84                <category android:name="android.intent.category.BROWSABLE" />
84-->src/main/AndroidManifest.xml:62:17-78
84-->src/main/AndroidManifest.xml:62:27-75
85
86                <data android:scheme="@string/fb_login_protocol_scheme" />
86-->src/main/AndroidManifest.xml:63:17-75
86-->src/main/AndroidManifest.xml:63:23-72
87            </intent-filter>
88        </activity>
89
90        <!--
91             Don't delete the meta-data below.
92             This is used by the Flutter tool to generate GeneratedPluginRegistrant.java
93        -->
94        <meta-data
94-->src/main/AndroidManifest.xml:73:9-75:33
95            android:name="flutterEmbedding"
95-->src/main/AndroidManifest.xml:74:13-44
96            android:value="2" />
96-->src/main/AndroidManifest.xml:75:13-30
97
98        <receiver android:name="com.dexterous.flutterlocalnotifications.ScheduledNotificationBootReceiver" >
98-->src/main/AndroidManifest.xml:78:9-82:20
98-->src/main/AndroidManifest.xml:78:19-107
99            <intent-filter>
99-->src/main/AndroidManifest.xml:79:13-81:29
100                <action android:name="android.intent.action.BOOT_COMPLETED" />
100-->src/main/AndroidManifest.xml:80:17-86
100-->src/main/AndroidManifest.xml:80:25-76
101            </intent-filter>
102            <intent-filter>
102-->[:flutter_local_notifications] AndroidManifest.xml:14:13-19:29
103                <action android:name="android.intent.action.BOOT_COMPLETED" />
103-->src/main/AndroidManifest.xml:80:17-86
103-->src/main/AndroidManifest.xml:80:25-76
104                <action android:name="android.intent.action.MY_PACKAGE_REPLACED" />
104-->[:flutter_local_notifications] AndroidManifest.xml:16:17-84
104-->[:flutter_local_notifications] AndroidManifest.xml:16:25-81
105                <action android:name="android.intent.action.QUICKBOOT_POWERON" />
105-->[:flutter_local_notifications] AndroidManifest.xml:17:17-82
105-->[:flutter_local_notifications] AndroidManifest.xml:17:25-79
106                <action android:name="com.htc.intent.action.QUICKBOOT_POWERON" />
106-->[:flutter_local_notifications] AndroidManifest.xml:18:17-82
106-->[:flutter_local_notifications] AndroidManifest.xml:18:25-79
107            </intent-filter>
108        </receiver>
109        <receiver android:name="com.dexterous.flutterlocalnotifications.ScheduledNotificationReceiver" />
109-->src/main/AndroidManifest.xml:83:9-106
109-->src/main/AndroidManifest.xml:83:19-103
110
111        <activity
111-->[:url_launcher] AndroidManifest.xml:8:9-11:74
112            android:name="io.flutter.plugins.urllauncher.WebViewActivity"
112-->[:url_launcher] AndroidManifest.xml:9:13-74
113            android:exported="false"
113-->[:url_launcher] AndroidManifest.xml:10:13-37
114            android:theme="@android:style/Theme.NoTitleBar.Fullscreen" />
114-->[:url_launcher] AndroidManifest.xml:11:13-71
115    </application>
116
117</manifest>